f:\github\d3d11-wallhack\x64\debug\vc142.pdb
f:\github\d3d11-wallhack\x64\debug\vc142.idb
f:\github\d3d11-wallhack\x64\debug\universal.obj
f:\github\d3d11-wallhack\x64\debug\readimage.obj
f:\github\d3d11-wallhack\x64\debug\drawnumber.obj
f:\github\d3d11-wallhack\x64\debug\hde64.obj
f:\github\d3d11-wallhack\x64\debug\hde32.obj
f:\github\d3d11-wallhack\x64\debug\buffer.obj
f:\github\d3d11-wallhack\x64\debug\pngwutil.obj
f:\github\d3d11-wallhack\x64\debug\pngwtran.obj
f:\github\d3d11-wallhack\x64\debug\pngwrite.obj
f:\github\d3d11-wallhack\x64\debug\pngwio.obj
f:\github\d3d11-wallhack\x64\debug\pngtrans.obj
f:\github\d3d11-wallhack\x64\debug\pngset.obj
f:\github\d3d11-wallhack\x64\debug\pngrutil.obj
f:\github\d3d11-wallhack\x64\debug\pngrtran.obj
f:\github\d3d11-wallhack\x64\debug\pngrio.obj
f:\github\d3d11-wallhack\x64\debug\pngread.obj
f:\github\d3d11-wallhack\x64\debug\pngpread.obj
f:\github\d3d11-wallhack\x64\debug\pngmem.obj
f:\github\d3d11-wallhack\x64\debug\pngget.obj
f:\github\d3d11-wallhack\x64\debug\pngerror.obj
f:\github\d3d11-wallhack\x64\debug\png.obj
f:\github\d3d11-wallhack\x64\debug\intel_init.obj
f:\github\d3d11-wallhack\x64\debug\filter_sse2_intrinsics.obj
f:\github\d3d11-wallhack\x64\debug\zutil.obj
f:\github\d3d11-wallhack\x64\debug\uncompr.obj
f:\github\d3d11-wallhack\x64\debug\trees.obj
f:\github\d3d11-wallhack\x64\debug\inftrees.obj
f:\github\d3d11-wallhack\x64\debug\inflate.obj
f:\github\d3d11-wallhack\x64\debug\inffast.obj
f:\github\d3d11-wallhack\x64\debug\infback.obj
f:\github\d3d11-wallhack\x64\debug\gzwrite.obj
f:\github\d3d11-wallhack\x64\debug\gzread.obj
f:\github\d3d11-wallhack\x64\debug\gzlib.obj
f:\github\d3d11-wallhack\x64\debug\gzclose.obj
f:\github\d3d11-wallhack\x64\debug\deflate.obj
f:\github\d3d11-wallhack\x64\debug\crc32.obj
f:\github\d3d11-wallhack\x64\debug\compress.obj
f:\github\d3d11-wallhack\x64\debug\adler32.obj
f:\github\d3d11-wallhack\x64\debug\trampoline.obj
f:\github\d3d11-wallhack\x64\debug\hook.obj
f:\github\inject\x64\debug\d3d11hook.lib
f:\github\inject\x64\debug\d3d11hook.exp
f:\github\inject\x64\debug\d3d11hook.ilk
f:\github\inject\x64\debug\d3d11hook.dll
f:\github\inject\x64\debug\d3d11hook.pdb
f:\github\d3d11-wallhack\x64\debug\d3d11hook.tlog\cl.command.1.tlog
f:\github\d3d11-wallhack\x64\debug\d3d11hook.tlog\cl.read.1.tlog
f:\github\d3d11-wallhack\x64\debug\d3d11hook.tlog\cl.write.1.tlog
f:\github\d3d11-wallhack\x64\debug\d3d11hook.tlog\d3d11hook.write.1u.tlog
f:\github\d3d11-wallhack\x64\debug\d3d11hook.tlog\link.command.1.tlog
f:\github\d3d11-wallhack\x64\debug\d3d11hook.tlog\link.read.1.tlog
f:\github\d3d11-wallhack\x64\debug\d3d11hook.tlog\link.write.1.tlog
